This is pdfTeX, Version 3.14159265-2.6-1.40.21 (TeX Live 2020/W32TeX) (preloaded format=pdflatex 2021.3.5)  19 MAR 2021 20:14
entering extended mode
 restricted \write18 enabled.
 %&-line parsing enabled.
**dissertation.tex
(./dissertation.tex
LaTeX2e <2020-10-01> patch level 4
L3 programming layer <2021-02-18> (c:/Users/asshah4/AppData/Roaming/TinyTeX/tex
mf-dist/tex/latex/base/book.cls
Document Class: book 2020/04/10 v1.4m Standard LaTeX document class
(c:/Users/asshah4/AppData/Roaming/TinyTeX/texmf-dist/tex/latex/base/bk11.clo
File: bk11.clo 2020/04/10 v1.4m Standard LaTeX file (size option)
)
\c@part=\count179
\c@chapter=\count180
\c@section=\count181
\c@subsection=\count182
\c@subsubsection=\count183
\c@paragraph=\count184
\c@subparagraph=\count185
\c@figure=\count186
\c@table=\count187
\abovecaptionskip=\skip47
\belowcaptionskip=\skip48
\bibindent=\dimen138
) (c:/Users/asshah4/AppData/Roaming/TinyTeX/texmf-dist/tex/latex/lm/lmodern.sty
Package: lmodern 2009/10/30 v1.6 Latin Modern Fonts
LaTeX Font Info:    Overwriting symbol font `operators' in version `normal'
(Font)                  OT1/cmr/m/n --> OT1/lmr/m/n on input line 22.
LaTeX Font Info:    Overwriting symbol font `letters' in version `normal'
(Font)                  OML/cmm/m/it --> OML/lmm/m/it on input line 23.
LaTeX Font Info:    Overwriting symbol font `symbols' in version `normal'
(Font)                  OMS/cmsy/m/n --> OMS/lmsy/m/n on input line 24.
LaTeX Font Info:    Overwriting symbol font `largesymbols' in version `normal'
(Font)                  OMX/cmex/m/n --> OMX/lmex/m/n on input line 25.
LaTeX Font Info:    Overwriting symbol font `operators' in version `bold'
(Font)                  OT1/cmr/bx/n --> OT1/lmr/bx/n on input line 26.
LaTeX Font Info:    Overwriting symbol font `letters' in version `bold'
(Font)                  OML/cmm/b/it --> OML/lmm/b/it on input line 27.
LaTeX Font Info:    Overwriting symbol font `symbols' in version `bold'
(Font)                  OMS/cmsy/b/n --> OMS/lmsy/b/n on input line 28.
LaTeX Font Info:    Overwriting symbol font `largesymbols' in version `bold'
(Font)                  OMX/cmex/m/n --> OMX/lmex/m/n on input line 29.
LaTeX Font Info:    Overwriting math alphabet `\mathbf' in version `normal'
(Font)                  OT1/cmr/bx/n --> OT1/lmr/bx/n on input line 31.
LaTeX Font Info:    Overwriting math alphabet `\mathsf' in version `normal'
(Font)                  OT1/cmss/m/n --> OT1/lmss/m/n on input line 32.
LaTeX Font Info:    Overwriting math alphabet `\mathit' in version `normal'
(Font)                  OT1/cmr/m/it --> OT1/lmr/m/it on input line 33.
LaTeX Font Info:    Overwriting math alphabet `\mathtt' in version `normal'
(Font)                  OT1/cmtt/m/n --> OT1/lmtt/m/n on input line 34.
LaTeX Font Info:    Overwriting math alphabet `\mathbf' in version `bold'
(Font)                  OT1/cmr/bx/n --> OT1/lmr/bx/n on input line 35.
LaTeX Font Info:    Overwriting math alphabet `\mathsf' in version `bold'
(Font)                  OT1/cmss/bx/n --> OT1/lmss/bx/n on input line 36.
LaTeX Font Info:    Overwriting math alphabet `\mathit' in version `bold'
(Font)                  OT1/cmr/bx/it --> OT1/lmr/bx/it on input line 37.
LaTeX Font Info:    Overwriting math alphabet `\mathtt' in version `bold'
(Font)                  OT1/cmtt/m/n --> OT1/lmtt/m/n on input line 38.
)
(c:/Users/asshah4/AppData/Roaming/TinyTeX/texmf-dist/tex/latex/amsmath/amsmath.
sty
Package: amsmath 2020/09/23 v2.17i AMS math features
\@mathmargin=\skip49
For additional information on amsmath, use the `?' option.

(c:/Users/asshah4/AppData/Roaming/TinyTeX/texmf-dist/tex/latex/amsmath/amstext.
sty
Package: amstext 2000/06/29 v2.01 AMS text

(c:/Users/asshah4/AppData/Roaming/TinyTeX/texmf-dist/tex/latex/amsmath/amsgen.s
ty
File: amsgen.sty 1999/11/30 v2.0 generic functions
\@emptytoks=\toks15
\ex@=\dimen139
))
(c:/Users/asshah4/AppData/Roaming/TinyTeX/texmf-dist/tex/latex/amsmath/amsbsy.s
ty
Package: amsbsy 1999/11/29 v1.2d Bold Symbols
\pmbraise@=\dimen140
)
(c:/Users/asshah4/AppData/Roaming/TinyTeX/texmf-dist/tex/latex/amsmath/amsopn.s
ty
Package: amsopn 2016/03/08 v2.02 operator names
)
\inf@bad=\count188
LaTeX Info: Redefining \frac on input line 234.
\uproot@=\count189
\leftroot@=\count190
LaTeX Info: Redefining \overline on input line 399.
\classnum@=\count191
\DOTSCASE@=\count192
LaTeX Info: Redefining \ldots on input line 496.
LaTeX Info: Redefining \dots on input line 499.
LaTeX Info: Redefining \cdots on input line 620.
\Mathstrutbox@=\box47
\strutbox@=\box48
\big@size=\dimen141
LaTeX Font Info:    Redeclaring font encoding OML on input line 743.
LaTeX Font Info:    Redeclaring font encoding OMS on input line 744.
\macc@depth=\count193
\c@MaxMatrixCols=\count194
\dotsspace@=\muskip16
\c@parentequation=\count195
\dspbrk@lvl=\count196
\tag@help=\toks16
\row@=\count197
\column@=\count198
\maxfields@=\count199
\andhelp@=\toks17
\eqnshift@=\dimen142
\alignsep@=\dimen143
\tagshift@=\dimen144
\tagwidth@=\dimen145
\totwidth@=\dimen146
\lineht@=\dimen147
\@envbody=\toks18
\multlinegap=\skip50
\multlinetaggap=\skip51
\mathdisplay@stack=\toks19
LaTeX Info: Redefining \[ on input line 2923.
LaTeX Info: Redefining \] on input line 2924.
)
(c:/Users/asshah4/AppData/Roaming/TinyTeX/texmf-dist/tex/generic/iftex/ifxetex.
sty
Package: ifxetex 2019/10/25 v0.7 ifxetex legacy package. Use iftex instead.

(c:/Users/asshah4/AppData/Roaming/TinyTeX/texmf-dist/tex/generic/iftex/iftex.st
y
Package: iftex 2020/03/06 v1.0d TeX engine tests
))
(c:/Users/asshah4/AppData/Roaming/TinyTeX/texmf-dist/tex/generic/iftex/ifluatex
.sty
Package: ifluatex 2019/10/25 v1.5 ifluatex legacy package. Use iftex instead.
)
(c:/Users/asshah4/AppData/Roaming/TinyTeX/texmf-dist/tex/latex/base/fontenc.sty
Package: fontenc 2020/08/10 v2.0s Standard LaTeX package
LaTeX Font Info:    Trying to load font information for T1+lmr on input line 11
2.
(c:/Users/asshah4/AppData/Roaming/TinyTeX/texmf-dist/tex/latex/lm/t1lmr.fd
File: t1lmr.fd 2009/10/30 v1.6 Font defs for Latin Modern
))
(c:/Users/asshah4/AppData/Roaming/TinyTeX/texmf-dist/tex/latex/base/inputenc.st
y
Package: inputenc 2020/08/01 v1.3d Input encoding file
\inpenc@prehook=\toks20
\inpenc@posthook=\toks21
)
(c:/Users/asshah4/AppData/Roaming/TinyTeX/texmf-dist/tex/latex/base/textcomp.st
y
Package: textcomp 2020/02/02 v2.0n Standard LaTeX package
)
(c:/Users/asshah4/AppData/Roaming/TinyTeX/texmf-dist/tex/latex/amsfonts/amssymb
.sty
Package: amssymb 2013/01/14 v3.01 AMS font symbols

(c:/Users/asshah4/AppData/Roaming/TinyTeX/texmf-dist/tex/latex/amsfonts/amsfont
s.sty
Package: amsfonts 2013/01/14 v3.01 Basic AMSFonts support
\symAMSa=\mathgroup4
\symAMSb=\mathgroup5
LaTeX Font Info:    Redeclaring math symbol \hbar on input line 98.
LaTeX Font Info:    Overwriting math alphabet `\mathfrak' in version `bold'
(Font)                  U/euf/m/n --> U/euf/b/n on input line 106.
))
(c:/Users/asshah4/AppData/Roaming/TinyTeX/texmf-dist/tex/latex/upquote/upquote.
sty
Package: upquote 2012/04/19 v1.3 upright-quote and grave-accent glyphs in verba
tim
)
(c:/Users/asshah4/AppData/Roaming/TinyTeX/texmf-dist/tex/latex/xcolor/xcolor.st
y
Package: xcolor 2016/05/11 v2.12 LaTeX color extensions (UK)

(c:/Users/asshah4/AppData/Roaming/TinyTeX/texmf-dist/tex/latex/graphics-cfg/col
or.cfg
File: color.cfg 2016/01/02 v1.6 sample color configuration
)
Package xcolor Info: Driver file: pdftex.def on input line 225.

(c:/Users/asshah4/AppData/Roaming/TinyTeX/texmf-dist/tex/latex/graphics-def/pdf
tex.def
File: pdftex.def 2020/10/05 v1.2a Graphics/color driver for pdftex
)
Package xcolor Info: Model `cmy' substituted by `cmy0' on input line 1348.
Package xcolor Info: Model `hsb' substituted by `rgb' on input line 1352.
Package xcolor Info: Model `RGB' extended on input line 1364.
Package xcolor Info: Model `HTML' substituted by `rgb' on input line 1366.
Package xcolor Info: Model `Hsb' substituted by `hsb' on input line 1367.
Package xcolor Info: Model `tHsb' substituted by `hsb' on input line 1368.
Package xcolor Info: Model `HSB' substituted by `hsb' on input line 1369.
Package xcolor Info: Model `Gray' substituted by `gray' on input line 1370.
Package xcolor Info: Model `wave' substituted by `hsb' on input line 1371.

(c:/Users/asshah4/AppData/Roaming/TinyTeX/texmf-dist/tex/latex/graphics/dvipsna
m.def
File: dvipsnam.def 2016/06/17 v3.0m Driver-dependent file (DPC,SPQR)
)
(c:/Users/asshah4/AppData/Roaming/TinyTeX/texmf-dist/tex/latex/xcolor/svgnam.de
f
File: svgnam.def 2016/05/11 v2.12 Predefined colors according to SVG 1.1 (UK)
)
(c:/Users/asshah4/AppData/Roaming/TinyTeX/texmf-dist/tex/latex/xcolor/x11nam.de
f
File: x11nam.def 2016/05/11 v2.12 Predefined colors according to Unix/X11 (UK)
))
(c:/Users/asshah4/AppData/Roaming/TinyTeX/texmf-dist/tex/latex/hyperref/hyperre
f.sty
Package: hyperref 2021-02-27 v7.00k Hypertext links for LaTeX

(c:/Users/asshah4/AppData/Roaming/TinyTeX/texmf-dist/tex/generic/ltxcmds/ltxcmd
s.sty
Package: ltxcmds 2020-05-10 v1.25 LaTeX kernel commands for general use (HO)
)
(c:/Users/asshah4/AppData/Roaming/TinyTeX/texmf-dist/tex/generic/pdftexcmds/pdf
texcmds.sty
Package: pdftexcmds 2020-06-27 v0.33 Utility functions of pdfTeX for LuaTeX (HO
)

(c:/Users/asshah4/AppData/Roaming/TinyTeX/texmf-dist/tex/generic/infwarerr/infw
arerr.sty
Package: infwarerr 2019/12/03 v1.5 Providing info/warning/error messages (HO)
)
Package pdftexcmds Info: \pdf@primitive is available.
Package pdftexcmds Info: \pdf@ifprimitive is available.
Package pdftexcmds Info: \pdfdraftmode found.
)
(c:/Users/asshah4/AppData/Roaming/TinyTeX/texmf-dist/tex/latex/graphics/keyval.
sty
Package: keyval 2014/10/28 v1.15 key=value parser (DPC)
\KV@toks@=\toks22
)
(c:/Users/asshah4/AppData/Roaming/TinyTeX/texmf-dist/tex/generic/kvsetkeys/kvse
tkeys.sty
Package: kvsetkeys 2019/12/15 v1.18 Key value parser (HO)
)
(c:/Users/asshah4/AppData/Roaming/TinyTeX/texmf-dist/tex/generic/kvdefinekeys/k
vdefinekeys.sty
Package: kvdefinekeys 2019-12-19 v1.6 Define keys (HO)
)
(c:/Users/asshah4/AppData/Roaming/TinyTeX/texmf-dist/tex/generic/pdfescape/pdfe
scape.sty
Package: pdfescape 2019/12/09 v1.15 Implements pdfTeX's escape features (HO)
)
(c:/Users/asshah4/AppData/Roaming/TinyTeX/texmf-dist/tex/latex/hycolor/hycolor.
sty
Package: hycolor 2020-01-27 v1.10 Color options for hyperref/bookmark (HO)
)
(c:/Users/asshah4/AppData/Roaming/TinyTeX/texmf-dist/tex/latex/letltxmacro/letl
txmacro.sty
Package: letltxmacro 2019/12/03 v1.6 Let assignment for LaTeX macros (HO)
)
(c:/Users/asshah4/AppData/Roaming/TinyTeX/texmf-dist/tex/latex/auxhook/auxhook.
sty
Package: auxhook 2019-12-17 v1.6 Hooks for auxiliary files (HO)
)
(c:/Users/asshah4/AppData/Roaming/TinyTeX/texmf-dist/tex/latex/kvoptions/kvopti
ons.sty
Package: kvoptions 2020-10-07 v3.14 Key value format for package options (HO)
)
\@linkdim=\dimen148
\Hy@linkcounter=\count266
\Hy@pagecounter=\count267

(c:/Users/asshah4/AppData/Roaming/TinyTeX/texmf-dist/tex/latex/hyperref/pd1enc.
def
File: pd1enc.def 2021-02-27 v7.00k Hyperref: PDFDocEncoding definition (HO)
Now handling font encoding PD1 ...
... no UTF-8 mapping file for font encoding PD1
)
(c:/Users/asshah4/AppData/Roaming/TinyTeX/texmf-dist/tex/latex/hyperref/hyperre
f-langpatches.def
File: hyperref-langpatches.def 2021-02-27 v7.00k Hyperref: patches for babel la
nguages
)
(c:/Users/asshah4/AppData/Roaming/TinyTeX/texmf-dist/tex/generic/intcalc/intcal
c.sty
Package: intcalc 2019/12/15 v1.3 Expandable calculations with integers (HO)
)
(c:/Users/asshah4/AppData/Roaming/TinyTeX/texmf-dist/tex/generic/etexcmds/etexc
mds.sty
Package: etexcmds 2019/12/15 v1.7 Avoid name clashes with e-TeX commands (HO)
)
\Hy@SavedSpaceFactor=\count268

(c:/Users/asshah4/AppData/Roaming/TinyTeX/texmf-dist/tex/latex/hyperref/puenc.d
ef
File: puenc.def 2021-02-27 v7.00k Hyperref: PDF Unicode definition (HO)
Now handling font encoding PU ...
... no UTF-8 mapping file for font encoding PU
)
Package hyperref Info: Option `unicode' set `true' on input line 4073.
Package hyperref Info: Hyper figures OFF on input line 4192.
Package hyperref Info: Link nesting OFF on input line 4197.
Package hyperref Info: Hyper index ON on input line 4200.
Package hyperref Info: Plain pages OFF on input line 4207.
Package hyperref Info: Backreferencing OFF on input line 4212.
Package hyperref Info: Implicit mode ON; LaTeX internals redefined.
Package hyperref Info: Bookmarks ON on input line 4445.
\c@Hy@tempcnt=\count269
(c:/Users/asshah4/AppData/Roaming/TinyTeX/texmf-dist/tex/latex/url/url.sty
\Urlmuskip=\muskip17
Package: url 2013/09/16  ver 3.4  Verb mode for urls, etc.
)
LaTeX Info: Redefining \url on input line 4804.
\XeTeXLinkMargin=\dimen149

(c:/Users/asshah4/AppData/Roaming/TinyTeX/texmf-dist/tex/generic/bitset/bitset.
sty
Package: bitset 2019/12/09 v1.3 Handle bit-vector datatype (HO)

(c:/Users/asshah4/AppData/Roaming/TinyTeX/texmf-dist/tex/generic/bigintcalc/big
intcalc.sty
Package: bigintcalc 2019/12/15 v1.5 Expandable calculations on big integers (HO
)
))
\Fld@menulength=\count270
\Field@Width=\dimen150
\Fld@charsize=\dimen151
Package hyperref Info: Hyper figures OFF on input line 6075.
Package hyperref Info: Link nesting OFF on input line 6080.
Package hyperref Info: Hyper index ON on input line 6083.
Package hyperref Info: backreferencing OFF on input line 6090.
Package hyperref Info: Link coloring OFF on input line 6095.
Package hyperref Info: Link coloring with OCG OFF on input line 6100.
Package hyperref Info: PDF/A mode OFF on input line 6105.
LaTeX Info: Redefining \ref on input line 6145.
LaTeX Info: Redefining \pageref on input line 6149.

(c:/Users/asshah4/AppData/Roaming/TinyTeX/texmf-dist/tex/latex/base/atbegshi-lt
x.sty
Package: atbegshi-ltx 2020/08/17 v1.0a Emulation of the original atbegshi packa
ge
with kernel methods
)
\Hy@abspage=\count271
\c@Item=\count272
\c@Hfootnote=\count273
)
Package hyperref Info: Driver (autodetected): hpdftex.

(c:/Users/asshah4/AppData/Roaming/TinyTeX/texmf-dist/tex/latex/hyperref/hpdftex
.def
File: hpdftex.def 2021-02-27 v7.00k Hyperref driver for pdfTeX

(c:/Users/asshah4/AppData/Roaming/TinyTeX/texmf-dist/tex/latex/base/atveryend-l
tx.sty
Package: atveryend-ltx 2020/08/19 v1.0a Emulation of the original atvery packag
e
with kernel methods
)
\Fld@listcount=\count274
\c@bookmark@seq@number=\count275

(c:/Users/asshah4/AppData/Roaming/TinyTeX/texmf-dist/tex/latex/rerunfilecheck/r
erunfilecheck.sty
Package: rerunfilecheck 2019/12/05 v1.9 Rerun checks for auxiliary files (HO)

(c:/Users/asshah4/AppData/Roaming/TinyTeX/texmf-dist/tex/generic/uniquecounter/
uniquecounter.sty
Package: uniquecounter 2019/12/15 v1.4 Provide unlimited unique counter (HO)
)
Package uniquecounter Info: New unique counter `rerunfilecheck' on input line 2
86.
)
\Hy@SectionHShift=\skip52
)
Package hyperref Info: Option `colorlinks' set `true' on input line 50.

(c:/Users/asshah4/AppData/Roaming/TinyTeX/texmf-dist/tex/latex/geometry/geometr
y.sty
Package: geometry 2020/01/02 v5.9 Page Geometry

(c:/Users/asshah4/AppData/Roaming/TinyTeX/texmf-dist/tex/generic/iftex/ifvtex.s
ty
Package: ifvtex 2019/10/25 v1.7 ifvtex legacy package. Use iftex instead.
)
\Gm@cnth=\count276
\Gm@cntv=\count277
\c@Gm@tempcnt=\count278
\Gm@bindingoffset=\dimen152
\Gm@wd@mp=\dimen153
\Gm@odd@mp=\dimen154
\Gm@even@mp=\dimen155
\Gm@layoutwidth=\dimen156
\Gm@layoutheight=\dimen157
\Gm@layouthoffset=\dimen158
\Gm@layoutvoffset=\dimen159
\Gm@dimlist=\toks23
)
(c:/Users/asshah4/AppData/Roaming/TinyTeX/texmf-dist/tex/latex/tools/longtable.
sty
Package: longtable 2020/01/07 v4.13 Multi-page Table package (DPC)
\LTleft=\skip53
\LTright=\skip54
\LTpre=\skip55
\LTpost=\skip56
\LTchunksize=\count279
\LTcapwidth=\dimen160
\LT@head=\box49
\LT@firsthead=\box50
\LT@foot=\box51
\LT@lastfoot=\box52
\LT@cols=\count280
\LT@rows=\count281
\c@LT@tables=\count282
\c@LT@chunks=\count283
\LT@p@ftn=\toks24
)
(c:/Users/asshah4/AppData/Roaming/TinyTeX/texmf-dist/tex/latex/booktabs/booktab
s.sty
Package: booktabs 2020/01/12 v1.61803398 Publication quality tables
\heavyrulewidth=\dimen161
\lightrulewidth=\dimen162
\cmidrulewidth=\dimen163
\belowrulesep=\dimen164
\belowbottomsep=\dimen165
\aboverulesep=\dimen166
\abovetopsep=\dimen167
\cmidrulesep=\dimen168
\cmidrulekern=\dimen169
\defaultaddspace=\dimen170
\@cmidla=\count284
\@cmidlb=\count285
\@aboverulesep=\dimen171
\@belowrulesep=\dimen172
\@thisruleclass=\count286
\@lastruleclass=\count287
\@thisrulewidth=\dimen173
) (c:/Users/asshah4/AppData/Roaming/TinyTeX/texmf-dist/tex/latex/tools/calc.sty
Package: calc 2017/05/25 v4.3 Infix arithmetic (KKT,FJ)
\calc@Acount=\count288
\calc@Bcount=\count289
\calc@Adimen=\dimen174
\calc@Bdimen=\dimen175
\calc@Askip=\skip57
\calc@Bskip=\skip58
LaTeX Info: Redefining \setlength on input line 80.
LaTeX Info: Redefining \addtolength on input line 81.
\calc@Ccount=\count290
\calc@Cskip=\skip59
)
(c:/Users/asshah4/AppData/Roaming/TinyTeX/texmf-dist/tex/latex/etoolbox/etoolbo
x.sty
Package: etoolbox 2020/10/05 v2.5k e-TeX tools for LaTeX (JAW)
\etb@tempcnta=\count291
)
(c:/Users/asshah4/AppData/Roaming/TinyTeX/texmf-dist/tex/latex/mdwtools/footnot
e.sty
Package: footnote 1997/01/28 1.13 Save footnotes around boxes
\fn@notes=\box53
\fn@width=\dimen176
)
(c:/Users/asshah4/AppData/Roaming/TinyTeX/texmf-dist/tex/latex/graphics/graphic
x.sty
Package: graphicx 2020/09/09 v1.2b Enhanced LaTeX Graphics (DPC,SPQR)

(c:/Users/asshah4/AppData/Roaming/TinyTeX/texmf-dist/tex/latex/graphics/graphic
s.sty
Package: graphics 2020/08/30 v1.4c Standard LaTeX Graphics (DPC,SPQR)

(c:/Users/asshah4/AppData/Roaming/TinyTeX/texmf-dist/tex/latex/graphics/trig.st
y
Package: trig 2016/01/03 v1.10 sin cos tan (DPC)
)
(c:/Users/asshah4/AppData/Roaming/TinyTeX/texmf-dist/tex/latex/graphics-cfg/gra
phics.cfg
File: graphics.cfg 2016/06/04 v1.11 sample graphics configuration
)
Package graphics Info: Driver file: pdftex.def on input line 105.
)
\Gin@req@height=\dimen177
\Gin@req@width=\dimen178
)
(c:/Users/asshah4/AppData/Roaming/TinyTeX/texmf-dist/tex/latex/titlesec/titlese
c.sty
Package: titlesec 2019/10/16 v2.13 Sectioning titles
\ttl@box=\box54
\beforetitleunit=\skip60
\aftertitleunit=\skip61
\ttl@plus=\dimen179
\ttl@minus=\dimen180
\ttl@toksa=\toks25
\titlewidth=\dimen181
\titlewidthlast=\dimen182
\titlewidthfirst=\dimen183
)
(c:/Users/asshah4/AppData/Roaming/TinyTeX/texmf-dist/tex/latex/pdflscape/pdflsc
ape.sty
Package: pdflscape 2019/12/05 v0.12 Display of landscape pages in PDF (HO)

(c:/Users/asshah4/AppData/Roaming/TinyTeX/texmf-dist/tex/latex/graphics/lscape.
sty
Package: lscape 2020/05/28 v3.02 Landscape Pages (DPC)
)
Package pdflscape Info: Auto-detected driver: pdftex on input line 81.
)
(c:/Users/asshah4/AppData/Roaming/TinyTeX/texmf-dist/tex/latex/hyphenat/hyphena
t.sty
Package: hyphenat 2009/09/02 v2.3c hyphenation utilities
\langwohyphens=\language5
LaTeX Info: Redefining \_ on input line 43.
)
(c:/Users/asshah4/AppData/Roaming/TinyTeX/texmf-dist/tex/latex/setspace/setspac
e.sty
Package: setspace 2011/12/19 v6.7a set line spacing
)
(c:/Users/asshah4/AppData/Roaming/TinyTeX/texmf-dist/tex/latex/comment/comment.
sty
\CommentStream=\write3
Excluding comment 'comment') (c:/Users/asshah4/AppData/Roaming/TinyTeX/texmf-di
st/tex/latex/float/float.sty
Package: float 2001/11/08 v1.3d Float enhancements (AL)
\c@float@type=\count292
\float@exts=\toks26
\float@box=\box55
\@float@everytoks=\toks27
\@floatcapt=\box56
) (c:/Users/asshah4/AppData/Roaming/TinyTeX/texmf-dist/tex/latex/tools/array.st
y
Package: array 2020/10/01 v2.5c Tabular extension package (FMi)
\col@sep=\dimen184
\ar@mcellbox=\box57
\extrarowheight=\dimen185
\NC@list=\toks28
\extratabsurround=\skip62
\backup@length=\skip63
\ar@cellbox=\box58
)
(c:/Users/asshah4/AppData/Roaming/TinyTeX/texmf-dist/tex/latex/multirow/multiro
w.sty
Package: multirow 2019/05/31 v2.5 Span multiple rows of a table
\multirow@colwidth=\skip64
\multirow@cntb=\count293
\multirow@dima=\skip65
\bigstrutjot=\dimen186
)
(c:/Users/asshah4/AppData/Roaming/TinyTeX/texmf-dist/tex/latex/wrapfig/wrapfig.
sty
\wrapoverhang=\dimen187
\WF@size=\dimen188
\c@WF@wrappedlines=\count294
\WF@box=\box59
\WF@everypar=\toks29
Package: wrapfig 2003/01/31  v 3.6
)
(c:/Users/asshah4/AppData/Roaming/TinyTeX/texmf-dist/tex/latex/colortbl/colortb
l.sty
Package: colortbl 2020/01/04 v1.0e Color table columns (DPC)
\everycr=\toks30
\minrowclearance=\skip66
) (c:/Users/asshah4/AppData/Roaming/TinyTeX/texmf-dist/tex/latex/tabu/tabu.sty
Package: tabu 2019/01/11 v2.9 - flexible LaTeX tabulars (FC+tabu-fixed)

(c:/Users/asshah4/AppData/Roaming/TinyTeX/texmf-dist/tex/latex/varwidth/varwidt
h.sty
Package: varwidth 2009/03/30 ver 0.92;  Variable-width minipages
\@vwid@box=\box60
\sift@deathcycles=\count295
\@vwid@loff=\dimen189
\@vwid@roff=\dimen190
)
\c@taburow=\count296
\tabu@nbcols=\count297
\tabu@cnt=\count298
\tabu@Xcol=\count299
\tabu@alloc=\count300
\tabu@nested=\count301
\tabu@target=\dimen191
\tabu@spreadtarget=\dimen192
\tabu@naturalX=\dimen193
\tabucolX=\dimen194
\tabu@Xsum=\dimen195
\extrarowdepth=\dimen196
\abovetabulinesep=\dimen197
\belowtabulinesep=\dimen198
\tabustrutrule=\dimen199
\tabu@thebody=\toks31
\tabu@footnotes=\toks32
\tabu@box=\box61
\tabu@arstrutbox=\box62
\tabu@hleads=\box63
\tabu@vleads=\box64
\tabu@cellskip=\skip67
)
(c:/Users/asshah4/AppData/Roaming/TinyTeX/texmf-dist/tex/latex/threeparttable/t
hreeparttable.sty
Package: threeparttable 2003/06/13  v 3.0
\@tempboxb=\box65
)
(c:/Users/asshah4/AppData/Roaming/TinyTeX/texmf-dist/tex/latex/threeparttablex/
threeparttablex.sty
Package: threeparttablex 2013/07/23 v0.3 by daleif

(c:/Users/asshah4/AppData/Roaming/TinyTeX/texmf-dist/tex/latex/environ/environ.
sty
Package: environ 2014/05/04 v0.3 A new way to define environments

(c:/Users/asshah4/AppData/Roaming/TinyTeX/texmf-dist/tex/latex/trimspaces/trims
paces.sty
Package: trimspaces 2009/09/17 v1.1 Trim spaces around a token list
))
\TPTL@width=\skip68
) (c:/Users/asshah4/AppData/Roaming/TinyTeX/texmf-dist/tex/generic/ulem/ulem.st
y
\UL@box=\box66
\UL@hyphenbox=\box67
\UL@skip=\skip69
\UL@hook=\toks33
\UL@height=\dimen256
\UL@pe=\count302
\UL@pixel=\dimen257
\ULC@box=\box68
Package: ulem 2019/11/18
\ULdepth=\dimen258
)
(c:/Users/asshah4/AppData/Roaming/TinyTeX/texmf-dist/tex/latex/makecell/makecel
l.sty
Package: makecell 2009/08/03 V0.1e Managing of Tab Column Heads and Cells
\rotheadsize=\dimen259
\c@nlinenum=\count303
\TeXr@lab=\toks34
)
(c:/Users/asshah4/AppData/Roaming/TinyTeX/texmf-dist/tex/latex/caption/caption.
sty
Package: caption 2020/10/26 v3.5g Customizing captions (AR)

(c:/Users/asshah4/AppData/Roaming/TinyTeX/texmf-dist/tex/latex/caption/caption3
.sty
Package: caption3 2020/10/21 v2.2e caption3 kernel (AR)
\captionmargin=\dimen260
\captionmargin@=\dimen261
\captionwidth=\dimen262
\caption@tempdima=\dimen263
\caption@indent=\dimen264
\caption@parindent=\dimen265
\caption@hangindent=\dimen266
Package caption Info: Standard document class detected.
)
\c@caption@flags=\count304
\c@continuedfloat=\count305
Package caption Info: float package is loaded.
Package caption Info: hyperref package is loaded.
Package caption Info: longtable package is loaded.

(c:/Users/asshah4/AppData/Roaming/TinyTeX/texmf-dist/tex/latex/caption/ltcaptio
n.sty
Package: ltcaption 2020/05/30 v1.4b longtable captions (AR)
)
Package caption Info: threeparttable package is loaded.
Package caption Info: wrapfig package is loaded.
)
\cslhangindent=\skip70
\csllabelwidth=\skip71

(c:/Users/asshah4/AppData/Roaming/TinyTeX/texmf-dist/tex/latex/l3backend/l3back
end-pdftex.def
File: l3backend-pdftex.def 2021-03-02 L3 backend support: PDF output (pdfTeX)
\l__color_backend_stack_int=\count306
\l__pdf_internal_box=\box69
) (./dissertation.aux)
\openout1 = `dissertation.aux'.

LaTeX Font Info:    Checking defaults for OML/cmm/m/it on input line 162.
LaTeX Font Info:    ... okay on input line 162.
LaTeX Font Info:    Checking defaults for OMS/cmsy/m/n on input line 162.
LaTeX Font Info:    ... okay on input line 162.
LaTeX Font Info:    Checking defaults for OT1/cmr/m/n on input line 162.
LaTeX Font Info:    ... okay on input line 162.
LaTeX Font Info:    Checking defaults for T1/cmr/m/n on input line 162.
LaTeX Font Info:    ... okay on input line 162.
LaTeX Font Info:    Checking defaults for TS1/cmr/m/n on input line 162.
LaTeX Font Info:    ... okay on input line 162.
LaTeX Font Info:    Checking defaults for OMX/cmex/m/n on input line 162.
LaTeX Font Info:    ... okay on input line 162.
LaTeX Font Info:    Checking defaults for U/cmr/m/n on input line 162.
LaTeX Font Info:    ... okay on input line 162.
LaTeX Font Info:    Checking defaults for PD1/pdf/m/n on input line 162.
LaTeX Font Info:    ... okay on input line 162.
LaTeX Font Info:    Checking defaults for PU/pdf/m/n on input line 162.
LaTeX Font Info:    ... okay on input line 162.

(c:/Users/asshah4/AppData/Roaming/TinyTeX/texmf-dist/tex/latex/epstopdf-pkg/eps
topdf-base.sty
Package: epstopdf-base 2020-01-24 v2.11 Base part for package epstopdf
Package epstopdf-base Info: Redefining graphics rule for `.eps' on input line 4
85.

(c:/Users/asshah4/AppData/Roaming/TinyTeX/texmf-dist/tex/latex/latexconfig/epst
opdf-sys.cfg
File: epstopdf-sys.cfg 2010/07/13 v1.3 Configuration of (r)epstopdf for TeX Liv
e
))
Package hyperref Info: Link coloring ON on input line 162.

(c:/Users/asshah4/AppData/Roaming/TinyTeX/texmf-dist/tex/latex/hyperref/nameref
.sty
Package: nameref 2021-04-02 v2.47 Cross-referencing by name of section

(c:/Users/asshah4/AppData/Roaming/TinyTeX/texmf-dist/tex/latex/refcount/refcoun
t.sty
Package: refcount 2019/12/15 v3.6 Data extraction from label references (HO)
)
(c:/Users/asshah4/AppData/Roaming/TinyTeX/texmf-dist/tex/generic/gettitlestring
/gettitlestring.sty
Package: gettitlestring 2019/12/15 v1.6 Cleanup title references (HO)
)
\c@section@level=\count307
)
LaTeX Info: Redefining \ref on input line 162.
LaTeX Info: Redefining \pageref on input line 162.
LaTeX Info: Redefining \nameref on input line 162.
(./dissertation.out) (./dissertation.out)
\@outlinefile=\write4
\openout4 = `dissertation.out'.

*geometry* driver: auto-detecting
*geometry* detected driver: pdftex
*geometry* verbose mode - [ preamble ] result:
* driver: pdftex
* paper: <default>
* layout: <same size as paper>
* layoutoffset:(h,v)=(0.0pt,0.0pt)
* modes: twoside 
* h-part:(L,W,R)=(108.405pt, 397.485pt, 108.405pt)
* v-part:(T,H,B)=(72.26999pt, 650.43001pt, 72.26999pt)
* \paperwidth=614.295pt
* \paperheight=794.96999pt
* \textwidth=397.485pt
* \textheight=650.43001pt
* \oddsidemargin=36.13501pt
* \evensidemargin=36.13501pt
* \topmargin=-31.8738pt
* \headheight=12.0pt
* \headsep=19.8738pt
* \topskip=11.0pt
* \footskip=27.46295pt
* \marginparwidth=116.0pt
* \marginparsep=7.0pt
* \columnsep=10.0pt
* \skip\footins=10.0pt plus 4.0pt minus 2.0pt
* \hoffset=0.0pt
* \voffset=0.0pt
* \mag=1000
* \@twocolumnfalse
* \@twosidetrue
* \@mparswitchtrue
* \@reversemarginfalse
* (1in=72.27pt=25.4mm, 1cm=28.453pt)

Package caption Info: Begin \AtBeginDocument code.
Package caption Info: End \AtBeginDocument code.
LaTeX Font Info:    Trying to load font information for OT1+lmr on input line 1
64.
(c:/Users/asshah4/AppData/Roaming/TinyTeX/texmf-dist/tex/latex/lm/ot1lmr.fd
File: ot1lmr.fd 2009/10/30 v1.6 Font defs for Latin Modern
)
LaTeX Font Info:    Trying to load font information for OML+lmm on input line 1
64.
(c:/Users/asshah4/AppData/Roaming/TinyTeX/texmf-dist/tex/latex/lm/omllmm.fd
File: omllmm.fd 2009/10/30 v1.6 Font defs for Latin Modern
)
LaTeX Font Info:    Trying to load font information for OMS+lmsy on input line 
164.
(c:/Users/asshah4/AppData/Roaming/TinyTeX/texmf-dist/tex/latex/lm/omslmsy.fd
File: omslmsy.fd 2009/10/30 v1.6 Font defs for Latin Modern
)
LaTeX Font Info:    Trying to load font information for OMX+lmex on input line 
164.
(c:/Users/asshah4/AppData/Roaming/TinyTeX/texmf-dist/tex/latex/lm/omxlmex.fd
File: omxlmex.fd 2009/10/30 v1.6 Font defs for Latin Modern
)
LaTeX Font Info:    External font `lmex10' loaded for size
(Font)              <12> on input line 164.
LaTeX Font Info:    External font `lmex10' loaded for size
(Font)              <8> on input line 164.
LaTeX Font Info:    External font `lmex10' loaded for size
(Font)              <6> on input line 164.
LaTeX Font Info:    Trying to load font information for U+msa on input line 164
.

(c:/Users/asshah4/AppData/Roaming/TinyTeX/texmf-dist/tex/latex/amsfonts/umsa.fd
File: umsa.fd 2013/01/14 v3.01 AMS symbols A
)
LaTeX Font Info:    Trying to load font information for U+msb on input line 164
.

(c:/Users/asshah4/AppData/Roaming/TinyTeX/texmf-dist/tex/latex/amsfonts/umsb.fd
File: umsb.fd 2013/01/14 v3.01 AMS symbols B
) [1



{c:/Users/asshah4/AppData/Roaming/TinyTeX/texmf-var/fonts/map/pdftex/updmap/pdf
tex.map}] (./dissertation.toc
LaTeX Font Info:    External font `lmex10' loaded for size
(Font)              <10.95> on input line 12.

Underfull \hbox (badness 10000) in paragraph at lines 15--15
 [][] [][][]\T1/lmr/m/n/10.95 Mental Stress Is-chemia Mech-a-nisms and Prog-no-
sis, 
 []

[2

] [3]
Underfull \hbox (badness 4156) in paragraph at lines 54--54
 [][] [][][]\T1/lmr/m/n/10.95 Relationship Be-tween Ob-struc-tive and Non-Obstr
uctive 
 []

)
\tf@toc=\write5
\openout5 = `dissertation.toc'.

[4] [5

]
Underfull \vbox (badness 10000) detected at line 206
 []

[6

] [1


]
Chapter 1.

Underfull \hbox (badness 1655) in paragraph at lines 234--237
\T1/lmr/m/n/10.95 dis-tur-bances of the neu-ro-car-diac axis, and as-sess-ing c
hanges from both a
 []

[2

]
Chapter 2.
[3

] [4

]
Chapter 3.

Underfull \hbox (badness 2608) in paragraph at lines 255--263
\T1/lmr/m/n/10.95 Psychological stress is in-creas-ingly rec-og-nized as an im-
por-tant po-ten-tially
 []

[5

] [6]
Chapter 4.
[7

] [8] [9

]
Chapter 5.

Underfull \hbox (badness 2073) in paragraph at lines 341--344
[]\T1/lmr/m/n/10.95 Determine the re-la-tion-ship of au-to-nomic dys-func-tion 
with ob-struc-tive
 []


Underfull \hbox (badness 2376) in paragraph at lines 344--347
[]\T1/lmr/m/n/10.95 Explore the ef-fect of revas-cu-lar-iza-tion of ob-struc-ti
ve coro-nary artery
 []


Underfull \hbox (badness 1325) in paragraph at lines 344--347
\T1/lmr/m/n/10.95 dis-ease with changes in au-to-nomic func-tion. \T1/lmr/m/it/
10.95 We hy-poth-e-size that in
 []

[10

]
Underfull \hbox (badness 2253) in paragraph at lines 355--358
\T1/lmr/m/it/10.95 that lower stress re-ac-tiv-ity au-to-nomic met-rics will be
 as-so-ci-ated with
 []

[11] [12]
Chapter 6.
[13

]
Underfull \hbox (badness 10000) in paragraph at lines 403--403
|[]\T1/lmr/bx/n/12 Mental Stress Is-chemia Mech-a-nisms and Prog-no-sis,
 []

[14]
Underfull \hbox (badness 1005) in paragraph at lines 422--437
\T1/lmr/m/n/10.95 ner-vous sys-tems in-flu-ence them to dif-fer-ent de-grees. H
F re-flects pri-mar-ily
 []

[15] [16] [17] [18] [19]
Chapter 7.
[20

]
Overfull \hbox (39.54214pt too wide) detected at line 527
[][]
 []

[21] [22] [23] [24

]
Chapter 8.

LaTeX Warning: Reference `TableOneMims' on page 25 undefined on input line 589.


[25

]
Chapter 9.
[26

] [27]
Chapter 10.
[28

] [29]
Chapter 11.
[30

] [31

]
Chapter 12.
[32

] [33] [34] [35] [36] [37] [38]
Chapter 13.
[39

]
Underfull \hbox (badness 4132) in paragraph at lines 823--830
\T1/lmr/m/n/10.95 mi-crovas-cu-lar dys-func-tion dur-ing coro-nary an-giog-ra-p
hy with in-tra-coro-nary
 []

[40] [41] [42

]
Underfull \hbox (badness 2165) in paragraph at lines 835--838
[]\T1/lmr/m/n/10.95 The ob-jec-tive of this study was to eval-u-ate how stress 
re-ac-tiv-ity ef-fects
 []


Underfull \hbox (badness 1158) in paragraph at lines 835--838
\T1/lmr/m/n/10.95 psy-cho-log-i-cal stress and my-ocar-dial is-chemia, and us-i
ng nu-anced dif-fer-ences
 []

[43] [44

]
Underfull \hbox (badness 10000) in paragraph at lines 859--859
\T1/lmr/m/n/10.95 / / www . ncbi . nlm . nih . gov / pmc / articles / PMC256629
9 / pdf / nihms67338 .
 []


Underfull \hbox (badness 10000) in paragraph at lines 859--859
\T1/lmr/m/n/10.95 pdf % 20http : / / www . ncbi . nlm . nih . gov / pubmed / 18
540155 % 20http :
 []


Overfull \hbox (2.43333pt too wide) in paragraph at lines 857--860
[][][] []
 []


Underfull \hbox (badness 10000) in paragraph at lines 857--860

 []


Underfull \hbox (badness 3482) in paragraph at lines 863--863
[]\T1/lmr/m/n/10.95 Lown B. Sud-den car-diac death: The ma-jor chal-lenge con-f
ronting
 []


Underfull \hbox (badness 7981) in paragraph at lines 863--863
\T1/lmr/m/n/10.95 con-tem-po-rary car-di-ol-ogy. \T1/lmr/m/it/10.95 The Amer-i-
can Jour-nal of Car-di-ol-ogy\T1/lmr/m/n/10.95 .
 []


Overfull \hbox (2.43333pt too wide) in paragraph at lines 861--864
[][][] []
 []


Underfull \hbox (badness 10000) in paragraph at lines 861--864

 []


Overfull \hbox (2.43333pt too wide) in paragraph at lines 865--868
[][][] []
 []


Underfull \hbox (badness 10000) in paragraph at lines 865--868

 []


Underfull \hbox (badness 1436) in paragraph at lines 871--871
\T1/lmr/m/n/10.95 mor-tal-ity among viet-nam vet-er-ans: Im-pli-ca-tions for su
rveil-lance and
 []


Underfull \hbox (badness 10000) in paragraph at lines 871--871
\T1/lmr/m/n/10.95 ([][]$https : / / insights . ovid . com / crossref ? an = 000
06842 -[] 200807000 -[] 00007 %
 []


Underfull \hbox (badness 10000) in paragraph at lines 871--871
\T1/lmr/m/n/10.95 20http : / / www . ncbi . nlm . nih . gov / pubmed / 18596248
 % 20http : / / www .
 []


Overfull \hbox (2.43333pt too wide) in paragraph at lines 869--872
[][][] []
 []


Underfull \hbox (badness 10000) in paragraph at lines 869--872

 []


Overfull \hbox (2.43333pt too wide) in paragraph at lines 873--876
[][][] []
 []


Underfull \hbox (badness 10000) in paragraph at lines 873--876

 []


Underfull \hbox (badness 1867) in paragraph at lines 879--879
[]\T1/lmr/m/n/10.95 McAloon CJ, Boy-lan LM, Ham-borg T, et al. The chang-ing fa
ce
 []


Overfull \hbox (2.43333pt too wide) in paragraph at lines 877--880
[][][] []
 []


Underfull \hbox (badness 10000) in paragraph at lines 877--880

 []


Underfull \hbox (badness 2573) in paragraph at lines 883--883
\T1/lmr/m/n/10.95 Re-view. 2019;73:1827--1845. ([][]$http : / / www . ncbi . nl
m . nih . gov / pubmed /
 []


Overfull \hbox (2.43333pt too wide) in paragraph at lines 881--884
[][][] []
 []


Underfull \hbox (badness 10000) in paragraph at lines 881--884

 []


Overfull \hbox (2.43333pt too wide) in paragraph at lines 885--888
[][][] []
 []


Underfull \hbox (badness 10000) in paragraph at lines 885--888

 []


Underfull \hbox (badness 1033) in paragraph at lines 891--891
\T1/lmr/m/n/10.95 [elec-tronic ar-ti-cle]. 1993;20(3):158--69. ([][]$http : / /
 www . ncbi . nlm . nih . gov /
 []


Underfull \hbox (badness 10000) in paragraph at lines 891--891
\T1/lmr/m/n/10.95 pubmed / 8219819 % 20http : / / www . pubmedcentral . nih . g
ov / articlerender . fcgi ?
 []


Overfull \hbox (2.43333pt too wide) in paragraph at lines 889--892
[][][] []
 []


Underfull \hbox (badness 10000) in paragraph at lines 889--892

 []


Overfull \hbox (2.43333pt too wide) in paragraph at lines 893--896
[][][] []
 []


Underfull \hbox (badness 10000) in paragraph at lines 893--896

 []


Overfull \hbox (2.43333pt too wide) in paragraph at lines 897--900
[][][] []
 []


Underfull \hbox (badness 10000) in paragraph at lines 897--900

 []

[45]
Overfull \hbox (2.43333pt too wide) in paragraph at lines 901--904
[][][] []
 []


Underfull \hbox (badness 10000) in paragraph at lines 901--904

 []


Overfull \hbox (2.43333pt too wide) in paragraph at lines 905--908
[][][] []
 []


Underfull \hbox (badness 10000) in paragraph at lines 905--908

 []


Overfull \hbox (2.43333pt too wide) in paragraph at lines 909--912
[][][] []
 []


Underfull \hbox (badness 10000) in paragraph at lines 909--912

 []


Underfull \hbox (badness 2343) in paragraph at lines 915--915
\T1/lmr/m/n/10.95 and all-cause mor-tal-ity in older men and women. \T1/lmr/m/i
t/10.95 Pro-ceed-ings of
 []


Underfull \hbox (badness 1831) in paragraph at lines 915--915
\T1/lmr/m/it/10.95 the Na-tional Academy of Sci-ences of the United States of A
mer-ica\T1/lmr/m/n/10.95 .
 []


Overfull \hbox (2.43333pt too wide) in paragraph at lines 913--916
[][][] []
 []


Underfull \hbox (badness 10000) in paragraph at lines 913--916

 []


Overfull \hbox (2.43333pt too wide) in paragraph at lines 917--920
[][][] []
 []


Underfull \hbox (badness 10000) in paragraph at lines 917--920

 []


Overfull \hbox (2.43333pt too wide) in paragraph at lines 921--924
[][][] []
 []


Underfull \hbox (badness 10000) in paragraph at lines 921--924

 []


Overfull \hbox (2.43333pt too wide) in paragraph at lines 925--928
[][][] []
 []


Underfull \hbox (badness 10000) in paragraph at lines 925--928

 []


Underfull \hbox (badness 2343) in paragraph at lines 931--931
[]\T1/lmr/m/n/10.95 Carney RM, Freed-land KE. De-pres-sion and coro-nary heart 
dis-ease.
 []


Underfull \hbox (badness 10000) in paragraph at lines 931--931
\T1/lmr/m/n/10.95 2017;14:145--155. ([][]$http : / / www . ncbi . nlm . nih . g
ov / pubmed / 27853162 %
 []


Overfull \hbox (2.43333pt too wide) in paragraph at lines 929--932
[][][] []
 []


Underfull \hbox (badness 10000) in paragraph at lines 929--932

 []


Overfull \hbox (2.43333pt too wide) in paragraph at lines 933--936
[][][] []
 []


Underfull \hbox (badness 10000) in paragraph at lines 933--936

 []


Underfull \hbox (badness 2435) in paragraph at lines 939--939
[]\T1/lmr/m/n/10.95 Berkman LF, Blu-men-thal J, Burg M, et al. Ef-fects of Trea
t-ing
 []


Overfull \hbox (2.43333pt too wide) in paragraph at lines 937--940
[][][] []
 []


Underfull \hbox (badness 10000) in paragraph at lines 937--940

 []


Overfull \hbox (2.43333pt too wide) in paragraph at lines 941--944
[][][] []
 []


Underfull \hbox (badness 10000) in paragraph at lines 941--944

 []

[46]
Underfull \hbox (badness 4739) in paragraph at lines 947--947
\T1/lmr/m/n/10.95 and 1-Year Mor-tal-ity af-ter Acute My-ocar-dial In-farc-tion
: In-sights
 []


Underfull \hbox (badness 4872) in paragraph at lines 947--947
\T1/lmr/m/n/10.95 from the TRI-UMPH Reg-istry (Trans-la-tional Re-search In-ves
-ti-gat-ing
 []


Underfull \hbox (badness 5374) in paragraph at lines 947--947
\T1/lmr/m/n/10.95 Sta-tus). \T1/lmr/m/it/10.95 Cir-cu-la-tion \T1/lmr/m/n/10.95
 [elec-tronic ar-ti-cle]. 2017;135(18):1681--1689.
 []


Underfull \hbox (badness 10000) in paragraph at lines 947--947
\T1/lmr/m/n/10.95 ([][]$https : / / www -[] ncbi -[] nlm -[] nih -[] gov . prox
y . library . emory . edu / pmc / articles /
 []


Overfull \hbox (2.43333pt too wide) in paragraph at lines 945--948
[][][] []
 []


Underfull \hbox (badness 10000) in paragraph at lines 945--948

 []


Underfull \hbox (badness 2384) in paragraph at lines 951--951
\T1/lmr/m/n/10.95 ar-ti-cle]. 2021;10(5):e017172. ([][]$http : / / www . ncbi .
 nlm . nih . gov / pubmed /
 []


Overfull \hbox (2.43333pt too wide) in paragraph at lines 949--952
[][][] []
 []


Underfull \hbox (badness 10000) in paragraph at lines 949--952

 []


Underfull \hbox (badness 1803) in paragraph at lines 955--955
[]\T1/lmr/m/n/10.95 Shah AS, Shah AJ, Lam-pert R, et al. Al-ter-ations in heart
 rate
 []


Underfull \hbox (badness 10000) in paragraph at lines 955--955
\T1/lmr/m/n/10.95 vari-abil-ity are as-so-ci-ated with ab-nor-mal my-ocar-dial 
per-fu-sion.
 []


Underfull \hbox (badness 10000) in paragraph at lines 955--955
\T1/lmr/m/n/10.95 ([][]$https : / / linkinghub . elsevier . com / retrieve / pi
i / S0167527319355214 % 20http :
 []


Overfull \hbox (2.43333pt too wide) in paragraph at lines 953--956
[][][] []
 []


Underfull \hbox (badness 10000) in paragraph at lines 953--956

 []


Underfull \hbox (badness 1803) in paragraph at lines 959--959
[]\T1/lmr/m/n/10.95 Shah AS, Shah AJ, Lam-pert R, et al. Al-ter-ations in heart
 rate
 []


Underfull \hbox (badness 10000) in paragraph at lines 959--959
\T1/lmr/m/n/10.95 vari-abil-ity are as-so-ci-ated with ab-nor-mal my-ocar-dial 
per-fu-sion.
 []


Underfull \hbox (badness 10000) in paragraph at lines 959--959
\T1/lmr/m/n/10.95 ([][]$https : / / linkinghub . elsevier . com / retrieve / pi
i / S0167527319355214 % 20http :
 []


Overfull \hbox (2.43333pt too wide) in paragraph at lines 957--960
[][][] []
 []


Underfull \hbox (badness 10000) in paragraph at lines 957--960

 []


Underfull \hbox (badness 2426) in paragraph at lines 963--963
[]\T1/lmr/m/n/10.95 Armour JA. My-ocar-dial is-chaemia and the car-diac ner-vou
s sys-tem.
 []


Underfull \hbox (badness 10000) in paragraph at lines 963--963
\T1/lmr/m/it/10.95 Eu-ro-pean heart jour-nal \T1/lmr/m/n/10.95 [elec-tronic ar-
ti-cle]. 1999;16(12):1751--2.
 []


Underfull \hbox (badness 10000) in paragraph at lines 963--963
\T1/lmr/m/n/10.95 ([][]$https : / / academic . oup . com / cardiovascres / arti
cle -[] abstract / 41 / 1 / 41 /
 []


Overfull \hbox (2.43333pt too wide) in paragraph at lines 961--964
[][][] []
 []


Underfull \hbox (badness 10000) in paragraph at lines 961--964

 []


Underfull \hbox (badness 10000) in paragraph at lines 967--967
\T1/lmr/m/n/10.95 ([][]$http : / / circ . ahajournals . org / %20https : / / ww
w . ahajournals . org / doi / 10 . 1161 /
 []


Overfull \hbox (2.43333pt too wide) in paragraph at lines 965--968
[][][] []
 []


Underfull \hbox (badness 10000) in paragraph at lines 965--968

 []


Underfull \hbox (badness 1735) in paragraph at lines 971--971
[]\T1/lmr/m/n/10.95 Abboud FM, Thames MD. In-ter-ac-tion of Car-dio-vas-cu-lar 
Re-flexes in
 []


Underfull \hbox (badness 4254) in paragraph at lines 971--971
\T1/lmr/m/n/10.95 Cir-cu-la-tory Con-trol. \T1/lmr/m/it/10.95 Com-pre-hen-sive 
Phys-i-ol-ogy \T1/lmr/m/n/10.95 [elec-tronic ar-ti-cle].
 []


Underfull \hbox (badness 2961) in paragraph at lines 971--971
\T1/lmr/m/n/10.95 2011;675--753. ([][]$https : / / onlinelibrary -[] wiley -[] 
com . proxy . library . emory . edu /
 []


Underfull \hbox (badness 10000) in paragraph at lines 971--971
\T1/lmr/m/n/10.95 doi / pdf / 10 . 1002 / cphy . cp020319 % 20http : / / doi . 
wiley . com / 10 . 1002 / cphy .
 []


Overfull \hbox (2.43333pt too wide) in paragraph at lines 969--972
[][][] []
 []


Underfull \hbox (badness 10000) in paragraph at lines 969--972

 []


Underfull \hbox (badness 1331) in paragraph at lines 975--975
\T1/lmr/m/n/10.95 in Plasma Nore-pinephrine Ki-net-ics. \T1/lmr/m/it/10.95 Arch
ives of Gen-eral Psy-chi-a-try\T1/lmr/m/n/10.95 .
 []


Overfull \hbox (2.43333pt too wide) in paragraph at lines 973--976
[][][] []
 []


Underfull \hbox (badness 10000) in paragraph at lines 973--976

 []


Overfull \hbox (2.43333pt too wide) in paragraph at lines 977--980
[][][] []
 []


Underfull \hbox (badness 10000) in paragraph at lines 977--980

 []

[47pdfTeX warning (ext4): destination with the same identifier (name{ref-Shah20
20}) has been already used, duplicate ignored
<argument> ...shipout:D \box_use:N \l_shipout_box 
                                                  
l.980 
      ]
Overfull \hbox (2.43333pt too wide) in paragraph at lines 981--984
[][][] []
 []


Underfull \hbox (badness 10000) in paragraph at lines 981--984

 []


Underfull \hbox (badness 1881) in paragraph at lines 987--987
[]\T1/lmr/m/n/10.95 Minisi AJ, Thames MD. Ac-ti-va-tion of car-diac sym-pa-thet
ic af-fer-ents
 []


Underfull \hbox (badness 10000) in paragraph at lines 987--987
\T1/lmr/m/n/10.95 dur-ing coro-nary oc-clu-sion. Ev-i-dence for re-flex ac-ti-v
a-tion of
 []


Underfull \hbox (badness 4608) in paragraph at lines 987--987
\T1/lmr/m/n/10.95 sym-pa-thetic ner-vous sys-tem dur-ing trans-mu-ral my-ocar-d
ial is-chemia
 []


Underfull \hbox (badness 4132) in paragraph at lines 987--987
\T1/lmr/m/n/10.95 in the dog. \T1/lmr/m/it/10.95 Cir-cu-la-tion \T1/lmr/m/n/10.
95 [elec-tronic ar-ti-cle]. 1991;84(1):357--367.
 []


Underfull \hbox (badness 10000) in paragraph at lines 987--987
\T1/lmr/m/n/10.95 ([][]$http : / / circ . ahajournals . org / %20https : / / ww
w . ahajournals . org / doi / 10 .
 []


Overfull \hbox (2.43333pt too wide) in paragraph at lines 985--988
[][][] []
 []


Underfull \hbox (badness 10000) in paragraph at lines 985--988

 []


Underfull \hbox (badness 3907) in paragraph at lines 991--991
\T1/lmr/m/n/10.95 of the rab-bit car-diac ven-tri-cles. \T1/lmr/m/it/10.95 Jour
-nal of Anatomy \T1/lmr/m/n/10.95 [elec-tronic
 []


Overfull \hbox (2.43333pt too wide) in paragraph at lines 989--992
[][][] []
 []


Underfull \hbox (badness 10000) in paragraph at lines 989--992

 []


Underfull \hbox (badness 3386) in paragraph at lines 995--995
[]\T1/lmr/m/n/10.95 Ardell JL, Ar-mour JA. Neu-ro-car-di-ol-ogy: Structure-Base
d func-tion.
 []


Underfull \hbox (badness 5771) in paragraph at lines 995--995
\T1/lmr/m/it/10.95 Com-pre-hen-sive Phys-i-ol-ogy \T1/lmr/m/n/10.95 [elec-troni
c ar-ti-cle]. 2016;6(4):1635--1653.
 []


Underfull \hbox (badness 10000) in paragraph at lines 995--995
\T1/lmr/m/n/10.95 ([][]$https : / / onlinelibrary -[] wiley -[] com . proxy . l
ibrary . emory . edu / doi / pdf / 10 . 1002 /
 []


Overfull \hbox (2.43333pt too wide) in paragraph at lines 993--996
[][][] []
 []


Underfull \hbox (badness 10000) in paragraph at lines 993--996

 []


Overfull \hbox (2.43333pt too wide) in paragraph at lines 997--1000
[][][] []
 []


Underfull \hbox (badness 10000) in paragraph at lines 997--1000

 []


Overfull \hbox (2.43333pt too wide) in paragraph at lines 1001--1004
[][][] []
 []


Underfull \hbox (badness 10000) in paragraph at lines 1001--1004

 []


Overfull \hbox (2.43333pt too wide) in paragraph at lines 1005--1008
[][][] []
 []


Underfull \hbox (badness 10000) in paragraph at lines 1005--1008

 []


Overfull \hbox (2.43333pt too wide) in paragraph at lines 1009--1012
[][][] []
 []


Underfull \hbox (badness 10000) in paragraph at lines 1009--1012

 []


Overfull \hbox (2.43333pt too wide) in paragraph at lines 1013--1016
[][][] []
 []


Underfull \hbox (badness 10000) in paragraph at lines 1013--1016

 []


Underfull \hbox (badness 5667) in paragraph at lines 1019--1019
[]\T1/lmr/m/n/10.95 Jørgensen RM, Abild-strøm SZ, Lev-i-tan J, et al. Heart Rat
e
 []


Underfull \hbox (badness 7851) in paragraph at lines 1019--1019
\T1/lmr/m/n/10.95 Vari-abil-ity Den-sity Anal-y-sis (Dyx) and Pre-dic-tion of L
ong-Term
 []


Underfull \hbox (badness 1590) in paragraph at lines 1019--1019
\T1/lmr/m/n/10.95 Mor-tal-ity af-ter Acute My-ocar-dial In-farc-tion. \T1/lmr/m
/it/10.95 An-nals of non-in-va-sive
 []


Underfull \hbox (badness 4108) in paragraph at lines 1019--1019
\T1/lmr/m/it/10.95 elec-tro-car-di-ol-ogy : the of-fi-cial jour-nal of the In-t
er-na-tional So-ci-ety
 []


Underfull \hbox (badness 2384) in paragraph at lines 1019--1019
\T1/lmr/m/it/10.95 for Holter and Non-in-va-sive Elec-tro-car-di-ol-ogy, Inc \T
1/lmr/m/n/10.95 [elec-tronic ar-ti-cle].
 []


Overfull \hbox (2.43333pt too wide) in paragraph at lines 1017--1020
[][][] []
 []


Underfull \hbox (badness 10000) in paragraph at lines 1017--1020

 []

[48]
Underfull \hbox (badness 10000) in paragraph at lines 1023--1023
\T1/lmr/m/n/10.95 ([][]$https : / / ac -[] els -[] cdn -[] com . proxy . librar
y . emory . edu / S000291491500898X / 1 -[]
 []


Underfull \hbox (badness 10000) in paragraph at lines 1023--1023
\T1/lmr/m/n/10.95 s2 . 0 -[] S000291491500898X -[] main . pdf ? _tid = 6dcdce40
 -[] a31f -[] 11e7 -[] a283 -[]
 []


Overfull \hbox (2.43333pt too wide) in paragraph at lines 1021--1024
[][][] []
 []


Underfull \hbox (badness 10000) in paragraph at lines 1021--1024

 []


Overfull \hbox (2.43333pt too wide) in paragraph at lines 1025--1028
[][][] []
 []


Underfull \hbox (badness 10000) in paragraph at lines 1025--1028

 []


Underfull \hbox (badness 1990) in paragraph at lines 1031--1031
\T1/lmr/m/n/10.95 is-chaemia. \T1/lmr/m/it/10.95 Heart \T1/lmr/m/n/10.95 [elec-
tronic ar-ti-cle]. 2016;102(6):472--480. ([][]$http :
 []


Underfull \hbox (badness 10000) in paragraph at lines 1031--1031
\T1/lmr/m/n/10.95 / / heart . bmj . com / %20http : / / link . springer . com /
 10 . 1007 / 978 -[] 3 -[] 319 -[] 32480 -[]
 []


Overfull \hbox (2.43333pt too wide) in paragraph at lines 1029--1032
[][][] []
 []


Underfull \hbox (badness 10000) in paragraph at lines 1029--1032

 []


Underfull \hbox (badness 10000) in paragraph at lines 1035--1035
[]\T1/lmr/m/n/10.95 Vaccarino V, Sul-li-van S, Ham-madah M, et al. Men-tal
 []


Underfull \hbox (badness 10000) in paragraph at lines 1035--1035
\T1/lmr/m/n/10.95 stress-induced-myocardial is-chemia in young pa-tients with r
e-cent
 []


Underfull \hbox (badness 1616) in paragraph at lines 1035--1035
\T1/lmr/m/n/10.95 my-ocar-dial in-farc-tion: Sex dif-fer-ences and mech-a-nisms
. \T1/lmr/m/it/10.95 Cir-cu-la-tion
 []


Underfull \hbox (badness 4479) in paragraph at lines 1035--1035
\T1/lmr/m/n/10.95 [elec-tronic ar-ti-cle]. 2018;137(8):794--805. ([][]$http : /
 / ahajournals . org %
 []


Underfull \hbox (badness 10000) in paragraph at lines 1035--1035
\T1/lmr/m/n/10.95 20http : / / www . ncbi . nlm . nih . gov / pubmed / 29459465
 % 20http : / / www .
 []


Underfull \hbox (badness 10000) in paragraph at lines 1035--1035
\T1/lmr/m/n/10.95 pubmedcentral . nih . gov / articlerender . fcgi ? artid = PM
C5822741 % 20https :
 []


Overfull \hbox (2.43333pt too wide) in paragraph at lines 1033--1036
[][][] []
 []


Underfull \hbox (badness 10000) in paragraph at lines 1033--1036

 []


Overfull \hbox (2.43333pt too wide) in paragraph at lines 1037--1040
[][][] []
 []


Underfull \hbox (badness 10000) in paragraph at lines 1037--1040

 []


Underfull \hbox (badness 2285) in paragraph at lines 1043--1043
[]\T1/lmr/m/n/10.95 Muller JE. Cir-ca-dian vari-a-tion in car-dio-vas-cu-lar ev
ents. \T1/lmr/m/it/10.95 Amer-i-can
 []


Underfull \hbox (badness 1152) in paragraph at lines 1043--1043
\T1/lmr/m/it/10.95 jour-nal of hy-per-ten-sion \T1/lmr/m/n/10.95 [elec-tronic a
r-ti-cle]. 1999;12(2 Pt 2):35S--42S.
 []


Underfull \hbox (badness 10000) in paragraph at lines 1043--1043
\T1/lmr/m/n/10.95 ([][]$https : / / academic . oup . com / ajh / article -[] lo
okup / doi / 10 . 1016 / S0895 -[]
 []


Underfull \hbox (badness 10000) in paragraph at lines 1043--1043
\T1/lmr/m/n/10.95 7061(98 ) 00278 -[] 7 % 20http : / / www . sciencedirect . co
m / science / article / pii /
 []


Overfull \hbox (2.43333pt too wide) in paragraph at lines 1041--1044
[][][] []
 []


Underfull \hbox (badness 10000) in paragraph at lines 1041--1044

 []


Overfull \hbox (2.43333pt too wide) in paragraph at lines 1045--1048
[][][] []
 []


Underfull \hbox (badness 10000) in paragraph at lines 1045--1048

 []


Underfull \hbox (badness 5050) in paragraph at lines 1051--1051
\T1/lmr/m/n/10.95 in 150 pa-tients. \T1/lmr/m/it/10.95 Heart \T1/lmr/m/n/10.95 
[elec-tronic ar-ti-cle]. 1988;60(5):417--423.
 []


Underfull \hbox (badness 10000) in paragraph at lines 1051--1051
\T1/lmr/m/n/10.95 ([][]$/pmc / articles / PMC1216600 / ?report = abstract % 20h
ttps : / / www . ncbi .
 []


Overfull \hbox (2.43333pt too wide) in paragraph at lines 1049--1052
[][][] []
 []


Underfull \hbox (badness 10000) in paragraph at lines 1049--1052

 []

[49]
Underfull \hbox (badness 5667) in paragraph at lines 1055--1055
[]\T1/lmr/m/n/10.95 Ko YA, Hayek S, Sandesara P, et al. Co-hort pro-file: The
 []


Underfull \hbox (badness 10000) in paragraph at lines 1055--1055
\T1/lmr/m/n/10.95 Emory Car-dio-vas-cu-lar Biobank (Em-CAB). \T1/lmr/m/it/10.95
 BMJ Open \T1/lmr/m/n/10.95 [elec-tronic
 []


Underfull \hbox (badness 2384) in paragraph at lines 1055--1055
\T1/lmr/m/n/10.95 ar-ti-cle]. 2017;7(12):e018753. ([][]$http : / / www . ncbi .
 nlm . nih . gov / pubmed /
 []


Underfull \hbox (badness 10000) in paragraph at lines 1055--1055
\T1/lmr/m/n/10.95 29288185 % 20http : / / www . pubmedcentral . nih . gov / art
iclerender . fcgi ? artid =
 []


Overfull \hbox (2.43333pt too wide) in paragraph at lines 1053--1056
[][][] []
 []


Underfull \hbox (badness 10000) in paragraph at lines 1053--1056

 []


Overfull \hbox (2.43333pt too wide) in paragraph at lines 1057--1060
[][][] []
 []


Underfull \hbox (badness 10000) in paragraph at lines 1057--1060

 []


Overfull \hbox (2.43333pt too wide) in paragraph at lines 1061--1064
[][][] []
 []


Underfull \hbox (badness 10000) in paragraph at lines 1061--1064

 []


Overfull \hbox (2.43333pt too wide) in paragraph at lines 1065--1068
[][][] []
 []


Underfull \hbox (badness 10000) in paragraph at lines 1065--1068

 []


Underfull \hbox (badness 10000) in paragraph at lines 1071--1071
\T1/lmr/m/n/10.95 ([][]$http : / / www . ncbi . nlm . nih . gov / pubmed / 2800
2382 % 20http : / / www .
 []


Overfull \hbox (2.43333pt too wide) in paragraph at lines 1069--1072
[][][] []
 []


Underfull \hbox (badness 10000) in paragraph at lines 1069--1072

 []


Overfull \hbox (2.43333pt too wide) in paragraph at lines 1073--1076
[][][] []
 []


Underfull \hbox (badness 10000) in paragraph at lines 1073--1076

 []


Underfull \hbox (badness 10000) in paragraph at lines 1079--1079
\T1/lmr/m/it/10.95 Mea-sure-ment \T1/lmr/m/n/10.95 [elec-tronic ar-ti-cle]. 201
8;39(10):105004. ([][]$http :
 []


Underfull \hbox (badness 10000) in paragraph at lines 1079--1079
\T1/lmr/m/n/10.95 / / www . ncbi . nlm . nih . gov / pubmed / 30199376 % 20http
 : / / stacks . iop . org / 0967 -[]
 []


Overfull \hbox (2.43333pt too wide) in paragraph at lines 1077--1080
[][][] []
 []


Underfull \hbox (badness 10000) in paragraph at lines 1077--1080

 []


Overfull \hbox (2.43333pt too wide) in paragraph at lines 1081--1084
[][][] []
 []


Underfull \hbox (badness 10000) in paragraph at lines 1081--1084

 []


Underfull \hbox (badness 2150) in paragraph at lines 1087--1087
\T1/lmr/m/n/10.95 of low fre-quency heart rate vari-abil-ity as an in-dex of sy
m-pa-thetic
 []


Underfull \hbox (badness 1838) in paragraph at lines 1087--1087
\T1/lmr/m/n/10.95 car-diac tone: A re-view with em-pha-sis on a re-anal-y-sis o
f pre-vi-ous
 []


Underfull \hbox (badness 4120) in paragraph at lines 1087--1087
\T1/lmr/m/n/10.95 stud-ies. \T1/lmr/m/it/10.95 Psy-chophys-i-ol-ogy \T1/lmr/m/n
/10.95 [elec-tronic ar-ti-cle]. 2013;50(5):477--487.
 []


Underfull \hbox (badness 10000) in paragraph at lines 1087--1087
\T1/lmr/m/n/10.95 ([][]$https : / / onlinelibrary -[] wiley -[] com . proxy . l
ibrary . emory . edu / doi / pdf / 10 . 1111 /
 []


Underfull \hbox (badness 10000) in paragraph at lines 1087--1087
\T1/lmr/m/n/10.95 psyp . 12027 % 20http : / / www . ncbi . nlm . nih . gov / pu
bmed / 23445494 % 20http :
 []


Overfull \hbox (2.43333pt too wide) in paragraph at lines 1085--1088
[][][] []
 []


Underfull \hbox (badness 10000) in paragraph at lines 1085--1088

 []

[50]
Overfull \hbox (2.43333pt too wide) in paragraph at lines 1089--1092
[][][] []
 []


Underfull \hbox (badness 10000) in paragraph at lines 1089--1092

 []


Underfull \hbox (badness 10000) in paragraph at lines 1095--1095
\T1/lmr/m/n/10.95 26 / i = 5 / a = 002 ? key = crossref . fae68af48013829ef154a
6b703ade0b3 % 20http :
 []


Overfull \hbox (2.43333pt too wide) in paragraph at lines 1093--1096
[][][] []
 []


Underfull \hbox (badness 10000) in paragraph at lines 1093--1096

 []


Overfull \hbox (2.43333pt too wide) in paragraph at lines 1097--1100
[][][] []
 []


Underfull \hbox (badness 10000) in paragraph at lines 1097--1100

 []


Underfull \hbox (badness 5741) in paragraph at lines 1103--1103
[]\T1/lmr/m/n/10.95 Refinetti R, Cornélis-sen G, Hal-berg F. Pro-ce-dures for n
u-mer-i-cal
 []


Underfull \hbox (badness 4328) in paragraph at lines 1103--1103
\T1/lmr/m/n/10.95 ar-ti-cle]. 2007;38(4):275--325. ([][]$https : / / www . tand
fonline . com / action /
 []


Overfull \hbox (2.43333pt too wide) in paragraph at lines 1101--1104
[][][] []
 []


Underfull \hbox (badness 10000) in paragraph at lines 1101--1104

 []


Underfull \hbox (badness 3668) in paragraph at lines 1107--1107
\T1/lmr/m/n/10.95 ar-ti-cle]. 2001;16(9):606--13. ([][]$http : / / www . ncbi .
 nlm . nih . gov / pubmed /
 []


Underfull \hbox (badness 10000) in paragraph at lines 1107--1107
\T1/lmr/m/n/10.95 11556941 % 20http : / / www . pubmedcentral . nih . gov / art
iclerender . fcgi ? artid =
 []


Overfull \hbox (2.43333pt too wide) in paragraph at lines 1105--1108
[][][] []
 []


Underfull \hbox (badness 10000) in paragraph at lines 1105--1108

 []


Overfull \hbox (2.43333pt too wide) in paragraph at lines 1109--1112
[][][] []
 []


Underfull \hbox (badness 10000) in paragraph at lines 1109--1112

 []


Overfull \hbox (2.43333pt too wide) in paragraph at lines 1113--1116
[][][] []
 []


Underfull \hbox (badness 10000) in paragraph at lines 1113--1116

 []


Overfull \hbox (2.43333pt too wide) in paragraph at lines 1117--1120
[][][] []
 []


Underfull \hbox (badness 10000) in paragraph at lines 1117--1120

 []


Overfull \hbox (2.43333pt too wide) in paragraph at lines 1121--1124
[][][] []
 []


Underfull \hbox (badness 10000) in paragraph at lines 1121--1124

 []

[51]
Overfull \hbox (2.43333pt too wide) in paragraph at lines 1125--1128
[][][] []
 []


Underfull \hbox (badness 10000) in paragraph at lines 1125--1128

 []


Overfull \hbox (2.43333pt too wide) in paragraph at lines 1129--1132
[][][] []
 []


Underfull \hbox (badness 10000) in paragraph at lines 1129--1132

 []


Overfull \hbox (2.43333pt too wide) in paragraph at lines 1133--1136
[][][] []
 []


Underfull \hbox (badness 10000) in paragraph at lines 1133--1136

 []


Overfull \hbox (2.43333pt too wide) in paragraph at lines 1137--1140
[][][] []
 []


Underfull \hbox (badness 10000) in paragraph at lines 1137--1140

 []


Overfull \hbox (2.43333pt too wide) in paragraph at lines 1141--1144
[][][] []
 []


Underfull \hbox (badness 10000) in paragraph at lines 1141--1144

 []


Overfull \hbox (2.43333pt too wide) in paragraph at lines 1145--1148
[][][] []
 []


Underfull \hbox (badness 10000) in paragraph at lines 1145--1148

 []


Overfull \hbox (2.43333pt too wide) in paragraph at lines 1149--1152
[][][] []
 []


Underfull \hbox (badness 10000) in paragraph at lines 1149--1152

 []


Overfull \hbox (2.43333pt too wide) in paragraph at lines 1153--1156
[][][] []
 []


Underfull \hbox (badness 10000) in paragraph at lines 1153--1156

 []


Overfull \hbox (2.43333pt too wide) in paragraph at lines 1157--1160
[][][] []
 []


Underfull \hbox (badness 10000) in paragraph at lines 1157--1160

 []


Overfull \hbox (2.43333pt too wide) in paragraph at lines 1161--1164
[][][] []
 []


Underfull \hbox (badness 10000) in paragraph at lines 1161--1164

 []


Overfull \hbox (2.43333pt too wide) in paragraph at lines 1165--1168
[][][] []
 []


Underfull \hbox (badness 10000) in paragraph at lines 1165--1168

 []


Overfull \hbox (2.43333pt too wide) in paragraph at lines 1169--1172
[][][] []
 []


Underfull \hbox (badness 10000) in paragraph at lines 1169--1172

 []

[52]
Overfull \hbox (2.43333pt too wide) in paragraph at lines 1173--1176
[][][] []
 []


Underfull \hbox (badness 10000) in paragraph at lines 1173--1176

 []


Overfull \hbox (2.43333pt too wide) in paragraph at lines 1177--1180
[][][] []
 []


Underfull \hbox (badness 10000) in paragraph at lines 1177--1180

 []


Overfull \hbox (2.43333pt too wide) in paragraph at lines 1181--1184
[][][] []
 []


Underfull \hbox (badness 10000) in paragraph at lines 1181--1184

 []


Overfull \hbox (2.43333pt too wide) in paragraph at lines 1185--1188
[][][] []
 []


Underfull \hbox (badness 10000) in paragraph at lines 1185--1188

 []


Overfull \hbox (2.43333pt too wide) in paragraph at lines 1189--1192
[][][] []
 []


Underfull \hbox (badness 10000) in paragraph at lines 1189--1192

 []


Overfull \hbox (2.43333pt too wide) in paragraph at lines 1193--1196
[][][] []
 []


Underfull \hbox (badness 10000) in paragraph at lines 1193--1196

 []


Underfull \hbox (badness 1205) in paragraph at lines 1199--1199
[]\T1/lmr/m/n/10.95 Hayashi M, Shimizu W, Al-bert CM. The Spec-trum of Epi-demi
-ol-ogy
 []


Underfull \hbox (badness 2035) in paragraph at lines 1199--1199
\T1/lmr/m/n/10.95 Un-der-ly-ing Sud-den Car-diac Death. \T1/lmr/m/it/10.95 Cir-
cu-la-tion Re-search \T1/lmr/m/n/10.95 [elec-tronic
 []


Overfull \hbox (2.43333pt too wide) in paragraph at lines 1197--1200
[][][] []
 []


Underfull \hbox (badness 10000) in paragraph at lines 1197--1200

 []


Overfull \hbox (2.43333pt too wide) in paragraph at lines 1201--1204
[][][] []
 []


Underfull \hbox (badness 10000) in paragraph at lines 1201--1204

 []


Underfull \hbox (badness 5231) in paragraph at lines 1207--1207
[]\T1/lmr/m/n/10.95 Lown B. Sud-den car-diac death -- 1978. \T1/lmr/m/it/10.95 
Cir-cu-la-tion \T1/lmr/m/n/10.95 [elec-tronic
 []


Overfull \hbox (2.43333pt too wide) in paragraph at lines 1205--1208
[][][] []
 []


Underfull \hbox (badness 10000) in paragraph at lines 1205--1208

 []


Overfull \hbox (2.43333pt too wide) in paragraph at lines 1209--1212
[][][] []
 []


Underfull \hbox (badness 10000) in paragraph at lines 1209--1212

 []


Overfull \hbox (2.43333pt too wide) in paragraph at lines 1213--1216
[][][] []
 []


Underfull \hbox (badness 10000) in paragraph at lines 1213--1216

 []

[53]
Underfull \hbox (badness 7740) in paragraph at lines 1219--1219
[]\T1/lmr/m/n/10.95 Deyell MW, Krahn AD, Gold-berger JJ. Sud-den Car-diac Death

 []


Underfull \hbox (badness 10000) in paragraph at lines 1219--1219
\T1/lmr/m/n/10.95 Risk Strat-i-fi-ca-tion. \T1/lmr/m/it/10.95 Cir-cu-la-tion Re
-search \T1/lmr/m/n/10.95 [elec-tronic ar-ti-cle].
 []


Underfull \hbox (badness 10000) in paragraph at lines 1219--1219
\T1/lmr/m/n/10.95 2015;116(12):1907--1918. ([][]$https : / / www . ahajournals 
. org / doi / 10 . 1161 /
 []


Overfull \hbox (2.43333pt too wide) in paragraph at lines 1217--1220
[][][] []
 []


Underfull \hbox (badness 10000) in paragraph at lines 1217--1220

 []


Overfull \hbox (2.43333pt too wide) in paragraph at lines 1221--1224
[][][] []
 []


Underfull \hbox (badness 10000) in paragraph at lines 1221--1224

 []


Underfull \hbox (badness 1024) in paragraph at lines 1227--1227
[]\T1/lmr/m/n/10.95 Shivkumar K, Aji-jola OA, Anand I, et al. Clin-i-cal neu-ro
-car-di-ol-ogy
 []


Underfull \hbox (badness 3746) in paragraph at lines 1227--1227
\T1/lmr/m/n/10.95 defin-ing the value of neuroscience-based car-dio-vas-cu-lar 
ther-a-peu-tics.
 []


Underfull \hbox (badness 10000) in paragraph at lines 1227--1227
\T1/lmr/m/n/10.95 / / physoc . onlinelibrary . wiley . com / doi / full / 10 . 
1113 / JP271870 % 20https :
 []


Underfull \hbox (badness 10000) in paragraph at lines 1227--1227
\T1/lmr/m/n/10.95 / / physoc . onlinelibrary . wiley . com / doi / abs / 10 . 1
113 / JP271870 % 20https :
 []


Overfull \hbox (2.43333pt too wide) in paragraph at lines 1225--1228
[][][] []
 []


Underfull \hbox (badness 10000) in paragraph at lines 1225--1228

 []


Overfull \hbox (2.43333pt too wide) in paragraph at lines 1229--1232
[][][] []
 []


Underfull \hbox (badness 10000) in paragraph at lines 1229--1232

 []


Overfull \hbox (2.43333pt too wide) in paragraph at lines 1233--1236
[][][] []
 []


Underfull \hbox (badness 10000) in paragraph at lines 1233--1236

 []

[54] [55

]
Appendix A.
[56

]
<dissertation_files/figure-latex/unnamed-chunk-13-1.png, id=1065, 397.485pt x 5
05.89pt>
File: dissertation_files/figure-latex/unnamed-chunk-13-1.png Graphic file (type
 png)
<use dissertation_files/figure-latex/unnamed-chunk-13-1.png>
Package pdftex.def Info: dissertation_files/figure-latex/unnamed-chunk-13-1.png
  used on input line 1265.
(pdftex.def)             Requested size: 397.49008pt x 505.89645pt.
[57 <./dissertation_files/figure-latex/unnamed-chunk-13-1.png>]
LaTeX Font Info:    External font `lmex10' loaded for size
(Font)              <9> on input line 1280.
LaTeX Font Info:    External font `lmex10' loaded for size
(Font)              <5> on input line 1280.

Underfull \hbox (badness 10000) in paragraph at lines 1314--1315

 []


Underfull \hbox (badness 10000) in paragraph at lines 1317--1318

 []

[58]
Underfull \hbox (badness 10000) in paragraph at lines 1355--1356

 []


Underfull \hbox (badness 10000) in paragraph at lines 1358--1359

 []

[59

]
Underfull \hbox (badness 10000) in paragraph at lines 1402--1403

 []


Underfull \hbox (badness 10000) in paragraph at lines 1405--1406

 []

[60


]
Underfull \hbox (badness 10000) in paragraph at lines 1445--1446

 []


Underfull \hbox (badness 10000) in paragraph at lines 1448--1449

 []

[61


] [62

]
<dissertation_files/figure-latex/unnamed-chunk-18-1.png, id=1105, 469.755pt x 3
25.215pt>
File: dissertation_files/figure-latex/unnamed-chunk-18-1.png Graphic file (type
 png)
<use dissertation_files/figure-latex/unnamed-chunk-18-1.png>
Package pdftex.def Info: dissertation_files/figure-latex/unnamed-chunk-18-1.png
  used on input line 1465.
(pdftex.def)             Requested size: 397.48734pt x 275.18353pt.
[63 <./dissertation_files/figure-latex/unnamed-chunk-18-1.png (PNG copy)>]
Underfull \hbox (badness 10000) in paragraph at lines 1504--1505

 []

[64]
Underfull \hbox (badness 10000) in paragraph at lines 1550--1551

 []


Underfull \hbox (badness 10000) in paragraph at lines 1553--1554

 []

[65]
Underfull \hbox (badness 10000) in paragraph at lines 1591--1593

 []


Underfull \hbox (badness 10000) in paragraph at lines 1595--1596

 []

[66]
Underfull \hbox (badness 10000) in paragraph at lines 1630--1633

 []


Underfull \hbox (badness 10000) in paragraph at lines 1635--1636

 []

[67

]
Underfull \hbox (badness 10000) in paragraph at lines 1675--1676

 []

[68

] [69]
Underfull \hbox (badness 10000) in paragraph at lines 1721--1723

 []


Underfull \hbox (badness 10000) in paragraph at lines 1725--1726

 []

[70

]
Underfull \hbox (badness 10000) in paragraph at lines 1765--1767

 []


Underfull \hbox (badness 10000) in paragraph at lines 1769--1770

 []

[71


]
Underfull \hbox (badness 10000) in paragraph at lines 1809--1811

 []


Underfull \hbox (badness 10000) in paragraph at lines 1813--1814

 []

[72


]
Underfull \hbox (badness 10000) in paragraph at lines 1861--1862

 []


Underfull \hbox (badness 10000) in paragraph at lines 1864--1865

 []

[73


]
Underfull \hbox (badness 10000) in paragraph at lines 1900--1903

 []


Underfull \hbox (badness 10000) in paragraph at lines 1905--1906

 []

[74


]
Underfull \hbox (badness 10000) in paragraph at lines 1946--1947

 []

[75


]
Underfull \hbox (badness 10000) in paragraph at lines 1993--1995

 []


Underfull \hbox (badness 10000) in paragraph at lines 1997--1998

 []

[76

]
Underfull \hbox (badness 10000) in paragraph at lines 2026--2031

 []


Underfull \hbox (badness 10000) in paragraph at lines 2033--2034

 []

[77

] [78

]
Underfull \hbox (badness 10000) in paragraph at lines 2080--2085

 []


Underfull \hbox (badness 10000) in paragraph at lines 2087--2088

 []

[79

]
Underfull \hbox (badness 10000) in paragraph at lines 2127--2128

 []

[80

]
Underfull \hbox (badness 10000) in paragraph at lines 2168--2174

 []


Underfull \hbox (badness 10000) in paragraph at lines 2176--2177

 []

[81

]
Appendix B.
[82


]

Package hyperref Warning: Difference (2) between bookmark levels is greater 
(hyperref)                than one, level fixed on input line 2190.

<refs/poincare.jpg, id=1230, 976.64874pt x 538.01pt>
File: refs/poincare.jpg Graphic file (type jpg)
<use refs/poincare.jpg>
Package pdftex.def Info: refs/poincare.jpg  used on input line 2192.
(pdftex.def)             Requested size: 437.23761pt x 240.86264pt.

Overfull \hbox (39.75261pt too wide) in paragraph at lines 2192--2192
 [] 
 []

[83 <./refs/poincare.jpg>]
<dissertation_files/figure-latex/unnamed-chunk-36-1.png, id=1237, 469.755pt x 3
25.215pt>
File: dissertation_files/figure-latex/unnamed-chunk-36-1.png Graphic file (type
 png)
<use dissertation_files/figure-latex/unnamed-chunk-36-1.png>
Package pdftex.def Info: dissertation_files/figure-latex/unnamed-chunk-36-1.png
  used on input line 2203.
(pdftex.def)             Requested size: 317.98843pt x 220.14583pt.
[84 <./dissertation_files/figure-latex/unnamed-chunk-36-1.png>] (./dissertation
.aux)

LaTeX Warning: There were undefined references.

Package rerunfilecheck Info: File `dissertation.out' has not changed.
(rerunfilecheck)             Checksum: 12FD8BF52E7CA39CE59DE888360606D7;12722.
 ) 
Here is how much of TeX's memory you used:
 14134 strings out of 480984
 213178 string characters out of 5906432
 566659 words of memory out of 5000000
 30679 multiletter control sequences out of 15000+600000
 488903 words of font info for 79 fonts, out of 8000000 for 9000
 14 hyphenation exceptions out of 8191
 71i,10n,74p,911b,713s stack positions out of 5000i,500n,10000p,200000b,80000s
{c:/Users/asshah4/AppData/Roaming/TinyTeX/texmf-dist/fonts/enc/dvips/lm/lm-ec
.enc}{c:/Users/asshah4/AppData/Roaming/TinyTeX/texmf-dist/fonts/enc/dvips/lm/lm
-mathsy.enc}{c:/Users/asshah4/AppData/Roaming/TinyTeX/texmf-dist/fonts/enc/dvip
s/lm/lm-mathit.enc}{c:/Users/asshah4/AppData/Roaming/TinyTeX/texmf-dist/fonts/e
nc/dvips/lm/lm-rm.enc}{c:/Users/asshah4/AppData/Roaming/TinyTeX/texmf-dist/font
s/enc/dvips/lm/lm-mathex.enc}<c:/Users/asshah4/AppData/Roaming/TinyTeX/texmf-di
st/fonts/type1/public/lm/lmbx10.pfb><c:/Users/asshah4/AppData/Roaming/TinyTeX/t
exmf-dist/fonts/type1/public/lm/lmbx12.pfb><c:/Users/asshah4/AppData/Roaming/Ti
nyTeX/texmf-dist/fonts/type1/public/lm/lmbx9.pfb><c:/Users/asshah4/AppData/Roam
ing/TinyTeX/texmf-dist/fonts/type1/public/lm/lmex10.pfb><c:/Users/asshah4/AppDa
ta/Roaming/TinyTeX/texmf-dist/fonts/type1/public/lm/lmmi10.pfb><c:/Users/asshah
4/AppData/Roaming/TinyTeX/texmf-dist/fonts/type1/public/lm/lmmi6.pfb><c:/Users/
asshah4/AppData/Roaming/TinyTeX/texmf-dist/fonts/type1/public/lm/lmmi8.pfb><c:/
Users/asshah4/AppData/Roaming/TinyTeX/texmf-dist/fonts/type1/public/lm/lmmi9.pf
b><c:/Users/asshah4/AppData/Roaming/TinyTeX/texmf-dist/fonts/type1/public/lm/lm
r10.pfb><c:/Users/asshah4/AppData/Roaming/TinyTeX/texmf-dist/fonts/type1/public
/lm/lmr12.pfb><c:/Users/asshah4/AppData/Roaming/TinyTeX/texmf-dist/fonts/type1/
public/lm/lmr17.pfb><c:/Users/asshah4/AppData/Roaming/TinyTeX/texmf-dist/fonts/
type1/public/lm/lmr6.pfb><c:/Users/asshah4/AppData/Roaming/TinyTeX/texmf-dist/f
onts/type1/public/lm/lmr8.pfb><c:/Users/asshah4/AppData/Roaming/TinyTeX/texmf-d
ist/fonts/type1/public/lm/lmr9.pfb><c:/Users/asshah4/AppData/Roaming/TinyTeX/te
xmf-dist/fonts/type1/public/lm/lmri10.pfb><c:/Users/asshah4/AppData/Roaming/Tin
yTeX/texmf-dist/fonts/type1/public/lm/lmri12.pfb><c:/Users/asshah4/AppData/Roam
ing/TinyTeX/texmf-dist/fonts/type1/public/lm/lmri9.pfb><c:/Users/asshah4/AppDat
a/Roaming/TinyTeX/texmf-dist/fonts/type1/public/lm/lmro10.pfb><c:/Users/asshah4
/AppData/Roaming/TinyTeX/texmf-dist/fonts/type1/public/lm/lmsy10.pfb><c:/Users/
asshah4/AppData/Roaming/TinyTeX/texmf-dist/fonts/type1/public/lm/lmsy9.pfb>
Output written on dissertation.pdf (90 pages, 1017830 bytes).
PDF statistics:
 1394 PDF objects out of 1440 (max. 8388607)
 1263 compressed objects within 13 object streams
 355 named destinations out of 1000 (max. 500000)
 565 words of extra memory for PDF output out of 10000 (max. 10000000)

